Read Top

1561701677.74
leap    :  False - 0
lights  :  False - 0
sensors :  False - 0
ngrok   :  False - 0


launching : NGROK
NGROK running
launching : LEAP
LEAP running
launching : SENSORS
SENSORS running
launching : LIGHTS
LIGHTS running
Read Top

1561701681.14
leap    :  True - 1
lights  :  True - 1
sensors :  True - 1
ngrok   :  True - 1


Read Top

1561701684.5
leap    :  True - 1
lights  :  True - 1
sensors :  True - 1
ngrok   :  True - 1


Read Top

1561701687.85
leap    :  True - 1
lights  :  True - 1
sensors :  True - 1
ngrok   :  True - 1


Read Top

1561701691.21
leap    :  True - 1
lights  :  True - 1
sensors :  True - 1
ngrok   :  True - 1


Read Top

1561701694.56
leap    :  True - 1
lights  :  True - 1
sensors :  True - 1
ngrok   :  True - 1


Read Top

1561701697.91
leap    :  True - 1
lights  :  True - 1
sensors :  True - 1
ngrok   :  True - 1


Read Top

1561701701.27
leap    :  True - 1
lights  :  True - 1
sensors :  True - 1
ngrok   :  True - 1


Read Top

1561701704.62
leap    :  True - 1
lights  :  True - 1
sensors :  True - 1
ngrok   :  True - 1


Read Top

1561701707.97
leap    :  True - 1
lights  :  True - 1
sensors :  True - 1
ngrok   :  True - 1


Read Top

1561701711.32
leap    :  True - 1
lights  :  True - 1
sensors :  True - 1
ngrok   :  True - 1


Read Top

1561701714.67
leap    :  True - 1
lights  :  True - 1
sensors :  True - 1
ngrok   :  True - 1


Read Top

1561701718.02
leap    :  True - 1
lights  :  True - 1
sensors :  True - 1
ngrok   :  True - 1


Read Top

1561701721.38
leap    :  True - 1
lights  :  True - 1
sensors :  True - 1
ngrok   :  True - 1


Read Top

1561701724.73
leap    :  True - 1
lights  :  True - 1
sensors :  True - 1
ngrok   :  True - 1


Read Top

1561701728.08
leap    :  True - 1
lights  :  True - 1
sensors :  True - 1
ngrok   :  True - 1


Read Top

1561701731.43
leap    :  True - 1
lights  :  True - 1
sensors :  True - 1
ngrok   :  True - 1


Read Top

1561701734.79
leap    :  True - 1
lights  :  True - 1
sensors :  True - 1
ngrok   :  True - 1


Read Top

1561701738.15
leap    :  True - 1
lights  :  True - 1
sensors :  True - 1
ngrok   :  True - 1


Read Top

1561701741.5
leap    :  True - 1
lights  :  True - 1
sensors :  True - 1
ngrok   :  True - 1


Read Top

1561701744.85
leap    :  True - 1
lights  :  True - 1
sensors :  True - 1
ngrok   :  True - 1


Read Top

1561701748.2
leap    :  True - 1
lights  :  True - 1
sensors :  True - 1
ngrok   :  True - 1


Read Top

1561701751.55
leap    :  True - 1
lights  :  True - 1
sensors :  True - 1
ngrok   :  True - 1


Read Top

1561701754.91
leap    :  True - 1
lights  :  True - 1
sensors :  True - 1
ngrok   :  True - 1


Read Top

1561701758.26
leap    :  True - 1
lights  :  True - 1
sensors :  True - 1
ngrok   :  True - 1


Read Top

1561701761.61
leap    :  True - 1
lights  :  True - 1
sensors :  True - 1
ngrok   :  True - 1


Read Top

1561701764.99
leap    :  True - 1
lights  :  True - 1
sensors :  True - 1
ngrok   :  True - 1


Read Top

1561701768.34
leap    :  True - 1
lights  :  True - 1
sensors :  True - 1
ngrok   :  True - 1


Read Top

1561701771.7
leap    :  True - 1
lights  :  True - 1
sensors :  True - 1
ngrok   :  True - 1


Read Top

1561701775.05
leap    :  True - 1
lights  :  True - 1
sensors :  True - 1
ngrok   :  True - 1


Read Top

1561701778.41
leap    :  True - 1
lights  :  True - 1
sensors :  True - 1
ngrok   :  True - 1


Read Top

1561701781.77
leap    :  True - 1
lights  :  True - 1
sensors :  True - 1
ngrok   :  True - 1


Read Top

1561701785.12
leap    :  True - 1
lights  :  True - 1
sensors :  True - 1
ngrok   :  True - 1


Read Top

1561701788.5
leap    :  True - 1
lights  :  True - 1
sensors :  True - 1
ngrok   :  True - 1


Read Top

1561701791.86
leap    :  True - 1
lights  :  True - 1
sensors :  True - 1
ngrok   :  True - 1


Read Top

1561701795.24
leap    :  True - 1
lights  :  True - 1
sensors :  True - 1
ngrok   :  True - 1


Read Top

1561701798.59
leap    :  True - 1
lights  :  True - 1
sensors :  True - 1
ngrok   :  True - 1


Read Top

1561701801.95
leap    :  True - 1
lights  :  True - 1
sensors :  True - 1
ngrok   :  True - 1


Read Top

1561701805.33
leap    :  True - 1
lights  :  True - 1
sensors :  True - 1
ngrok   :  True - 1


Read Top

1561701808.69
leap    :  True - 1
lights  :  True - 1
sensors :  True - 1
ngrok   :  True - 1


Read Top

1561701812.05
leap    :  True - 1
lights  :  True - 1
sensors :  True - 1
ngrok   :  True - 1


Read Top

1561701815.4
leap    :  True - 1
lights  :  True - 1
sensors :  True - 1
ngrok   :  True - 1


Read Top

1561701818.75
leap    :  True - 1
lights  :  True - 1
sensors :  True - 1
ngrok   :  True - 1


Read Top

1561701822.11
leap    :  True - 1
lights  :  True - 1
sensors :  True - 1
ngrok   :  True - 1


Read Top

1561701825.46
leap    :  True - 1
lights  :  True - 1
sensors :  True - 1
ngrok   :  True - 1


Read Top

1561701828.82
leap    :  True - 1
lights  :  True - 1
sensors :  True - 1
ngrok   :  True - 1


